<?xml version="1.0" encoding="UTF-8"?>
<!-- Generated by org.testng.reporters.JUnitXMLReporter -->
<testsuite ignored="0" hostname="LAPTOP-B9J952BN" failures="0" tests="1" name="Default test" time="68.123" errors="0" timestamp="2024-02-27T17:30:18 IST">
  <testcase classname="BudsBeyondTestClasses.ValidateRelatedSearchesForBudsBeyond" name="@BeforeClass launchingUrl" time="68.055">
    <failure type="java.lang.Error" message="Unresolved compilation problems: 
	Syntax error, insert &amp;quot;enum Identifier&amp;quot; to complete EnumHeaderName
	Syntax error, insert &amp;quot;EnumBody&amp;quot; to complete BlockStatement
	Syntax error, insert &amp;quot;;&amp;quot; to complete Statement
">
      <![CDATA[java.lang.Error: Unresolved compilation problems: 
Syntax error, insert "enum Identifier" to complete EnumHeaderName
Syntax error, insert "EnumBody" to complete BlockStatement
Syntax error, insert ";" to complete Statement

at utilityPackage.Util.readDataFromPropertyFile(Util.java:24)
at BaseClass.Baseclass.launchBudsBeyondURL(Baseclass.java:19)
at BudsBeyondTestClasses.ValidateRelatedSearchesForBudsBeyond.launchingUrl(ValidateRelatedSearchesForBudsBeyond.java:25)
at java.base/jdk.internal.reflect.DirectMethodHandleAccessor.invoke(DirectMethodHandleAccessor.java:104)
at java.base/java.lang.reflect.Method.invoke(Method.java:577)
at org.testng.internal.invokers.MethodInvocationHelper.invokeMethod(MethodInvocationHelper.java:139)
at org.testng.internal.invokers.MethodInvocationHelper.invokeMethodConsideringTimeout(MethodInvocationHelper.java:69)
at org.testng.internal.invokers.ConfigInvoker.invokeConfigurationMethod(ConfigInvoker.java:361)
at org.testng.internal.invokers.ConfigInvoker.invokeConfigurations(ConfigInvoker.java:296)
at org.testng.internal.invokers.TestMethodWorker.invokeBeforeClassMethods(TestMethodWorker.java:180)
at org.testng.internal.invokers.TestMethodWorker.run(TestMethodWorker.java:122)
at java.base/java.util.ArrayList.forEach(ArrayList.java:1511)
at org.testng.TestRunner.privateRun(TestRunner.java:829)
at org.testng.TestRunner.run(TestRunner.java:602)
at org.testng.SuiteRunner.runTest(SuiteRunner.java:437)
at org.testng.SuiteRunner.runSequentially(SuiteRunner.java:431)
at org.testng.SuiteRunner.privateRun(SuiteRunner.java:391)
at org.testng.SuiteRunner.run(SuiteRunner.java:330)
at org.testng.SuiteRunnerWorker.runSuite(SuiteRunnerWorker.java:52)
at org.testng.SuiteRunnerWorker.run(SuiteRunnerWorker.java:95)
at org.testng.TestNG.runSuitesSequentially(TestNG.java:1256)
at org.testng.TestNG.runSuitesLocally(TestNG.java:1176)
at org.testng.TestNG.runSuites(TestNG.java:1099)
at org.testng.TestNG.run(TestNG.java:1067)
at org.testng.remote.AbstractRemoteTestNG.run(AbstractRemoteTestNG.java:115)
at org.testng.remote.RemoteTestNG.initAndRun(RemoteTestNG.java:251)
at org.testng.remote.RemoteTestNG.main(RemoteTestNG.java:77)
]]>
    </failure>
  </testcase> <!-- @BeforeClass launchingUrl -->
  <testcase classname="BudsBeyondTestClasses.ValidateRelatedSearchesForBudsBeyond" name="@BeforeMethod beforeMethod" time="0.0">
    <skipped/>
  </testcase> <!-- @BeforeMethod beforeMethod -->
  <testcase classname="BudsBeyondTestClasses.ValidateRelatedSearchesForBudsBeyond" name="@AfterMethod closeBrowser" time="0.0">
    <skipped/>
  </testcase> <!-- @AfterMethod closeBrowser -->
  <testcase classname="BudsBeyondTestClasses.ValidateRelatedSearchesForBudsBeyond" name="ValidateRelatedSesarches" time="0.0">
    <skipped/>
  </testcase> <!-- ValidateRelatedSesarches -->
</testsuite> <!-- Default test -->
