<?xml version="1.0" encoding="UTF-8"?>
<testng-results ignored="0" total="1" passed="1" failed="0" skipped="0">
  <reporter-output>
  </reporter-output>
  <suite started-at="2024-05-26T11:07:48 IST" name="Surefire suite" finished-at="2024-05-26T11:07:48 IST" duration-ms="41">
    <groups>
    </groups>
    <test started-at="2024-05-26T11:07:48 IST" name="Surefire test" finished-at="2024-05-26T11:07:48 IST" duration-ms="41">
      <class name="BudsBeyondTestClasses.VishalTest">
        <test-method signature="get()[pri:0, instance:BudsBeyondTestClasses.VishalTest@29176cc1]" started-at="2024-05-26T11:07:48 IST" name="get" finished-at="2024-05-26T11:07:48 IST" duration-ms="4" status="PASS">
          <reporter-output>
          </reporter-output>
        </test-method> <!-- get -->
      </class> <!-- BudsBeyondTestClasses.VishalTest -->
    </test> <!-- Surefire test -->
  </suite> <!-- Surefire suite -->
</testng-results>
