<?xml version="1.0" encoding="UTF-8"?>
<testng-results ignored="0" total="1" passed="0" failed="0" skipped="1">
  <reporter-output>
  </reporter-output>
  <suite started-at="2024-02-27T17:29:10 IST" name="Default suite" finished-at="2024-02-27T17:30:18 IST" duration-ms="68123">
    <groups>
    </groups>
    <test started-at="2024-02-27T17:29:10 IST" name="Default test" finished-at="2024-02-27T17:30:18 IST" duration-ms="68123">
      <class name="BudsBeyondTestClasses.ValidateRelatedSearchesForBudsBeyond">
        <test-method is-config="true" signature="launchingUrl()[pri:0, instance:BudsBeyondTestClasses.ValidateRelatedSearchesForBudsBeyond@f6efaab]" started-at="2024-02-27T17:29:10 IST" name="launchingUrl" finished-at="2024-02-27T17:30:18 IST" duration-ms="68055" status="FAIL">
          <exception class="java.lang.Error">
            <message>
              <![CDATA[Unresolved compilation problems: 
Syntax error, insert "enum Identifier" to complete EnumHeaderName
Syntax error, insert "EnumBody" to complete BlockStatement
Syntax error, insert ";" to complete Statement
]]>
            </message>
            <full-stacktrace>
              <![CDATA[java.lang.Error: Unresolved compilation problems: 
Syntax error, insert "enum Identifier" to complete EnumHeaderName
Syntax error, insert "EnumBody" to complete BlockStatement
Syntax error, insert ";" to complete Statement

at utilityPackage.Util.readDataFromPropertyFile(Util.java:24)
at BaseClass.Baseclass.launchBudsBeyondURL(Baseclass.java:19)
at BudsBeyondTestClasses.ValidateRelatedSearchesForBudsBeyond.launchingUrl(ValidateRelatedSearchesForBudsBeyond.java:25)
at java.base/jdk.internal.reflect.DirectMethodHandleAccessor.invoke(DirectMethodHandleAccessor.java:104)
at java.base/java.lang.reflect.Method.invoke(Method.java:577)
at org.testng.internal.invokers.MethodInvocationHelper.invokeMethod(MethodInvocationHelper.java:139)
at org.testng.internal.invokers.MethodInvocationHelper.invokeMethodConsideringTimeout(MethodInvocationHelper.java:69)
at org.testng.internal.invokers.ConfigInvoker.invokeConfigurationMethod(ConfigInvoker.java:361)
at org.testng.internal.invokers.ConfigInvoker.invokeConfigurations(ConfigInvoker.java:296)
at org.testng.internal.invokers.TestMethodWorker.invokeBeforeClassMethods(TestMethodWorker.java:180)
at org.testng.internal.invokers.TestMethodWorker.run(TestMethodWorker.java:122)
at java.base/java.util.ArrayList.forEach(ArrayList.java:1511)
at org.testng.TestRunner.privateRun(TestRunner.java:829)
at org.testng.TestRunner.run(TestRunner.java:602)
at org.testng.SuiteRunner.runTest(SuiteRunner.java:437)
at org.testng.SuiteRunner.runSequentially(SuiteRunner.java:431)
at org.testng.SuiteRunner.privateRun(SuiteRunner.java:391)
at org.testng.SuiteRunner.run(SuiteRunner.java:330)
at org.testng.SuiteRunnerWorker.runSuite(SuiteRunnerWorker.java:52)
at org.testng.SuiteRunnerWorker.run(SuiteRunnerWorker.java:95)
at org.testng.TestNG.runSuitesSequentially(TestNG.java:1256)
at org.testng.TestNG.runSuitesLocally(TestNG.java:1176)
at org.testng.TestNG.runSuites(TestNG.java:1099)
at org.testng.TestNG.run(TestNG.java:1067)
at org.testng.remote.AbstractRemoteTestNG.run(AbstractRemoteTestNG.java:115)
at org.testng.remote.RemoteTestNG.initAndRun(RemoteTestNG.java:251)
at org.testng.remote.RemoteTestNG.main(RemoteTestNG.java:77)
]]>
            </full-stacktrace>
          </exception> <!-- java.lang.Error -->
          <reporter-output>
          </reporter-output>
        </test-method> <!-- launchingUrl -->
        <test-method is-config="true" signature="beforeMethod()[pri:0, instance:BudsBeyondTestClasses.ValidateRelatedSearchesForBudsBeyond@f6efaab]" started-at="2024-02-27T17:30:18 IST" name="beforeMethod" finished-at="2024-02-27T17:30:18 IST" duration-ms="0" status="SKIP">
          <reporter-output>
          </reporter-output>
        </test-method> <!-- beforeMethod -->
        <test-method signature="ValidateRelatedSesarches()[pri:0, instance:BudsBeyondTestClasses.ValidateRelatedSearchesForBudsBeyond@f6efaab]" started-at="2024-02-27T17:30:18 IST" name="ValidateRelatedSesarches" finished-at="2024-02-27T17:30:18 IST" duration-ms="0" status="SKIP">
          <exception class="java.lang.Error">
            <message>
              <![CDATA[Unresolved compilation problems: 
Syntax error, insert "enum Identifier" to complete EnumHeaderName
Syntax error, insert "EnumBody" to complete BlockStatement
Syntax error, insert ";" to complete Statement
]]>
            </message>
            <full-stacktrace>
              <![CDATA[java.lang.Error: Unresolved compilation problems: 
Syntax error, insert "enum Identifier" to complete EnumHeaderName
Syntax error, insert "EnumBody" to complete BlockStatement
Syntax error, insert ";" to complete Statement

at utilityPackage.Util.readDataFromPropertyFile(Util.java:24)
at BaseClass.Baseclass.launchBudsBeyondURL(Baseclass.java:19)
at BudsBeyondTestClasses.ValidateRelatedSearchesForBudsBeyond.launchingUrl(ValidateRelatedSearchesForBudsBeyond.java:25)
at java.base/jdk.internal.reflect.DirectMethodHandleAccessor.invoke(DirectMethodHandleAccessor.java:104)
at java.base/java.lang.reflect.Method.invoke(Method.java:577)
at org.testng.internal.invokers.MethodInvocationHelper.invokeMethod(MethodInvocationHelper.java:139)
at org.testng.internal.invokers.MethodInvocationHelper.invokeMethodConsideringTimeout(MethodInvocationHelper.java:69)
at org.testng.internal.invokers.ConfigInvoker.invokeConfigurationMethod(ConfigInvoker.java:361)
at org.testng.internal.invokers.ConfigInvoker.invokeConfigurations(ConfigInvoker.java:296)
at org.testng.internal.invokers.TestMethodWorker.invokeBeforeClassMethods(TestMethodWorker.java:180)
at org.testng.internal.invokers.TestMethodWorker.run(TestMethodWorker.java:122)
at java.base/java.util.ArrayList.forEach(ArrayList.java:1511)
at org.testng.TestRunner.privateRun(TestRunner.java:829)
at org.testng.TestRunner.run(TestRunner.java:602)
at org.testng.SuiteRunner.runTest(SuiteRunner.java:437)
at org.testng.SuiteRunner.runSequentially(SuiteRunner.java:431)
at org.testng.SuiteRunner.privateRun(SuiteRunner.java:391)
at org.testng.SuiteRunner.run(SuiteRunner.java:330)
at org.testng.SuiteRunnerWorker.runSuite(SuiteRunnerWorker.java:52)
at org.testng.SuiteRunnerWorker.run(SuiteRunnerWorker.java:95)
at org.testng.TestNG.runSuitesSequentially(TestNG.java:1256)
at org.testng.TestNG.runSuitesLocally(TestNG.java:1176)
at org.testng.TestNG.runSuites(TestNG.java:1099)
at org.testng.TestNG.run(TestNG.java:1067)
at org.testng.remote.AbstractRemoteTestNG.run(AbstractRemoteTestNG.java:115)
at org.testng.remote.RemoteTestNG.initAndRun(RemoteTestNG.java:251)
at org.testng.remote.RemoteTestNG.main(RemoteTestNG.java:77)
]]>
            </full-stacktrace>
          </exception> <!-- java.lang.Error -->
          <reporter-output>
          </reporter-output>
        </test-method> <!-- ValidateRelatedSesarches -->
        <test-method is-config="true" signature="closeBrowser()[pri:0, instance:BudsBeyondTestClasses.ValidateRelatedSearchesForBudsBeyond@f6efaab]" started-at="2024-02-27T17:30:18 IST" name="closeBrowser" finished-at="2024-02-27T17:30:18 IST" duration-ms="0" status="SKIP">
          <reporter-output>
          </reporter-output>
        </test-method> <!-- closeBrowser -->
      </class> <!-- BudsBeyondTestClasses.ValidateRelatedSearchesForBudsBeyond -->
    </test> <!-- Default test -->
  </suite> <!-- Default suite -->
</testng-results>
